<?xml version="1.0" encoding="UTF-8"?>
<!-- Generated by org.testng.reporters.JUnitReportReporter -->
<testsuite hostname="ArpitaAggarwal" failures="0" tests="2" name="automationpackage.TestNG1" time="0.008" errors="0" timestamp="2024-01-02T18:21:16 IST" skipped="0">
  <testcase classname="automationpackage.TestNG1" name="testagain" time="0.006"/>
  <system-out/>
  <testcase classname="automationpackage.TestNG1" name="a" time="0.002"/>
  <system-out/>
</testsuite> <!-- automationpackage.TestNG1 -->
